<?xml version="1.0" encoding="UTF-8"?>
<!-- Generated by org.testng.reporters.JUnitReportReporter -->
<testsuite hostname="rajib" name="com.hotels.rajib_maven4617.rajibTest6" tests="1" failures="0" timestamp="10 Apr 2017 19:02:57 GMT" time="12.959" errors="0">
  <testcase name="userAccount" time="12.959" classname="com.hotels.rajib_maven4617.rajibTest6"/>
</testsuite> <!-- com.hotels.rajib_maven4617.rajibTest6 -->
