<?xml version="1.0" encoding="UTF-8"?>
<!-- Generated by org.testng.reporters.JUnitReportReporter -->
<testsuite hostname="rajib" name="com.hotels.rajib_maven4617.rajibTest3" tests="1" failures="0" timestamp="10 Apr 2017 19:02:57 GMT" time="8.685" errors="0">
  <testcase name="checkWithFacebookID" time="8.685" classname="com.hotels.rajib_maven4617.rajibTest3"/>
</testsuite> <!-- com.hotels.rajib_maven4617.rajibTest3 -->
