<?xml version="1.0" encoding="UTF-8"?>
<!-- Generated by org.testng.reporters.JUnitReportReporter -->
<testsuite hostname="rajib" name="com.hotels.rajib_maven4617.rajibTest9" tests="1" failures="0" timestamp="10 Apr 2017 20:49:26 GMT" time="1.311" errors="0">
  <testcase name="testOnError" time="1.311" classname="com.hotels.rajib_maven4617.rajibTest9"/>
</testsuite> <!-- com.hotels.rajib_maven4617.rajibTest9 -->
